<?xml version="1.0" encoding="UTF-8"?>
<testsuite xmlns:xsi="http://www.w3.org/2001/XMLSchema-instance" xsi:schemaLocation="https://maven.apache.org/surefire/maven-surefire-plugin/xsd/surefire-test-report.xsd" name="test.endtoend.composer.ComposerEndToEndTest" time="30.654" tests="2" errors="0" skipped="0" failures="2">
  <properties>
    <property name="idea.plugins.compatible.build" value="172.9999"/>
    <property name="jna.platform.library.path" value="/usr/lib64:/lib64:/usr/lib:/lib:/usr/lib64/iscsi:/usr/lib64/bind99"/>
    <property name="java.runtime.name" value="OpenJDK Runtime Environment"/>
    <property name="sun.boot.library.path" value="/usr/lib/jvm/java-1.8.0-openjdk-1.8.0.151-1.b12.fc27.x86_64/jre/lib/amd64"/>
    <property name="java.vm.version" value="25.151-b12"/>
    <property name="java.vm.vendor" value="Oracle Corporation"/>
    <property name="maven.multiModuleProjectDirectory" value="/home/atillman/Dev/chatty/chatty"/>
    <property name="java.vendor.url" value="http://java.oracle.com/"/>
    <property name="path.separator" value=":"/>
    <property name="guice.disable.misplaced.annotation.check" value="true"/>
    <property name="java.vm.name" value="OpenJDK 64-Bit Server VM"/>
    <property name="file.encoding.pkg" value="sun.io"/>
    <property name="jna.loaded" value="true"/>
    <property name="user.country" value="US"/>
    <property name="sun.java.launcher" value="SUN_STANDARD"/>
    <property name="sun.os.patch.level" value="unknown"/>
    <property name="java.vm.specification.name" value="Java Virtual Machine Specification"/>
    <property name="user.dir" value="/home/atillman/Dev/chatty/chatty"/>
    <property name="java.runtime.version" value="1.8.0_151-b12"/>
    <property name="java.awt.graphicsenv" value="sun.awt.X11GraphicsEnvironment"/>
    <property name="java.endorsed.dirs" value="/usr/lib/jvm/java-1.8.0-openjdk-1.8.0.151-1.b12.fc27.x86_64/jre/lib/endorsed"/>
    <property name="os.arch" value="amd64"/>
    <property name="java.io.tmpdir" value="/tmp"/>
    <property name="line.separator" value="&#10;"/>
    <property name="java.vm.specification.vendor" value="Oracle Corporation"/>
    <property name="os.name" value="Linux"/>
    <property name="classworlds.conf" value="/usr/share/maven/bin/m2.conf"/>
    <property name="sun.jnu.encoding" value="UTF-8"/>
    <property name="jnidispatch.path" value="/tmp/jna-234248964/jna2693202625876624836.tmp"/>
    <property name="java.library.path" value="/usr/java/packages/lib/amd64:/usr/lib64:/lib64:/lib:/usr/lib"/>
    <property name="maven.conf" value="/usr/share/maven/conf"/>
    <property name="java.specification.name" value="Java Platform API Specification"/>
    <property name="java.class.version" value="52.0"/>
    <property name="sun.management.compiler" value="HotSpot 64-Bit Tiered Compilers"/>
    <property name="os.version" value="4.14.11-300.fc27.x86_64"/>
    <property name="library.jansi.path" value="/usr/share/maven/lib/jansi-native/linux64"/>
    <property name="user.home" value="/home/atillman"/>
    <property name="user.timezone" value="America/New_York"/>
    <property name="java.awt.printerjob" value="sun.print.PSPrinterJob"/>
    <property name="java.specification.version" value="1.8"/>
    <property name="file.encoding" value="UTF-8"/>
    <property name="user.name" value="atillman"/>
    <property name="java.class.path" value="/usr/share/java/plexus-classworlds.jar"/>
    <property name="java.vm.specification.version" value="1.8"/>
    <property name="sun.arch.data.model" value="64"/>
    <property name="java.home" value="/usr/lib/jvm/java-1.8.0-openjdk-1.8.0.151-1.b12.fc27.x86_64/jre"/>
    <property name="sun.java.command" value="org.codehaus.plexus.classworlds.launcher.Launcher install"/>
    <property name="java.specification.vendor" value="Oracle Corporation"/>
    <property name="user.language" value="en"/>
    <property name="awt.toolkit" value="sun.awt.X11.XToolkit"/>
    <property name="java.vm.info" value="mixed mode"/>
    <property name="java.version" value="1.8.0_151"/>
    <property name="java.ext.dirs" value="/usr/lib/jvm/java-1.8.0-openjdk-1.8.0.151-1.b12.fc27.x86_64/jre/lib/ext:/usr/java/packages/lib/ext"/>
    <property name="sun.boot.class.path" value="/usr/lib/jvm/java-1.8.0-openjdk-1.8.0.151-1.b12.fc27.x86_64/jre/lib/resources.jar:/usr/lib/jvm/java-1.8.0-openjdk-1.8.0.151-1.b12.fc27.x86_64/jre/lib/rt.jar:/usr/lib/jvm/java-1.8.0-openjdk-1.8.0.151-1.b12.fc27.x86_64/jre/lib/sunrsasign.jar:/usr/lib/jvm/java-1.8.0-openjdk-1.8.0.151-1.b12.fc27.x86_64/jre/lib/jsse.jar:/usr/lib/jvm/java-1.8.0-openjdk-1.8.0.151-1.b12.fc27.x86_64/jre/lib/jce.jar:/usr/lib/jvm/java-1.8.0-openjdk-1.8.0.151-1.b12.fc27.x86_64/jre/lib/charsets.jar:/usr/lib/jvm/java-1.8.0-openjdk-1.8.0.151-1.b12.fc27.x86_64/jre/lib/jfr.jar:/usr/lib/jvm/java-1.8.0-openjdk-1.8.0.151-1.b12.fc27.x86_64/jre/classes"/>
    <property name="java.vendor" value="Oracle Corporation"/>
    <property name="maven.home" value="/usr/share/maven"/>
    <property name="file.separator" value="/"/>
    <property name="java.vendor.url.bug" value="http://bugreport.sun.com/bugreport/"/>
    <property name="sun.cpu.endian" value="little"/>
    <property name="sun.io.unicode.encoding" value="UnicodeLittle"/>
    <property name="sun.desktop" value="gnome"/>
    <property name="sun.cpu.isalist" value=""/>
  </properties>
  <testcase name="composerTranslatesSingleTopicAndSentenceandDeploys" classname="test.endtoend.composer.ComposerEndToEndTest" time="29.105">
    <failure message="&#10;Tried to find:&#10;    exactly 1 JTable ()&#10;    in exactly 1 JFrame (with name &quot;Chatty Bot Composer&quot; and showing on screen)&#10;    in all top level windows&#10;and check that it is with cell with text &quot;Active&quot;&#10;but:&#10;    all top level windows&#10;    contained 1 JFrame (with name &quot;Chatty Bot Composer&quot; and showing on screen)&#10;    contained 0 JTable ()" type="java.lang.AssertionError">java.lang.AssertionError: 

Tried to find:
    exactly 1 JTable ()
    in exactly 1 JFrame (with name "Chatty Bot Composer" and showing on screen)
    in all top level windows
and check that it is with cell with text "Active"
but:
    all top level windows
    contained 1 JFrame (with name "Chatty Bot Composer" and showing on screen)
    contained 0 JTable ()
	at test.endtoend.composer.ComposerEndToEndTest.composerTranslatesSingleTopicAndSentenceandDeploys(ComposerEndToEndTest.java:36)
</failure>
  </testcase>
  <testcase name="composerReportsFailedTranslationForInvalidConversationMessage" classname="test.endtoend.composer.ComposerEndToEndTest" time="0.972">
    <failure message="&#10;Tried to find:&#10;    exactly 1 JLabel (with name &quot;composer status&quot;)&#10;    in exactly 1 JFrame (with name &quot;Chatty Bot Composer&quot; and showing on screen)&#10;    in all top level windows&#10;and check that its label text is &quot;Invalid Conversation&quot;&#10;but:&#10;    all top level windows&#10;    contained 1 JFrame (with name &quot;Chatty Bot Composer&quot; and showing on screen)&#10;    contained 1 JLabel (with name &quot;composer status&quot;)&#10;    label text was &quot;Connected&quot;" type="java.lang.AssertionError">java.lang.AssertionError: 

Tried to find:
    exactly 1 JLabel (with name "composer status")
    in exactly 1 JFrame (with name "Chatty Bot Composer" and showing on screen)
    in all top level windows
and check that its label text is "Invalid Conversation"
but:
    all top level windows
    contained 1 JFrame (with name "Chatty Bot Composer" and showing on screen)
    contained 1 JLabel (with name "composer status")
    label text was "Connected"
	at test.endtoend.composer.ComposerEndToEndTest.composerReportsFailedTranslationForInvalidConversationMessage(ComposerEndToEndTest.java:24)
</failure>
  </testcase>
</testsuite>